20260204-06:13:19.049 : connected
20260204-06:13:19.061 : shutdown requested: Disconnected
20260204-06:13:19.061 : shutdown
20260205-02:53:16.421 : connected
20260205-02:53:16.438 : Error on Session 'FIX.4.2:SELLSIDE->BUYSIDE': System.IO.IOException: 無法寫入資料至傳輸連接: 遠端主機已強制關閉一個現存的連線。。 ---> System.Net.Sockets.SocketException: 遠端主機已強制關閉一個現存的連線。
   於 System.Net.Sockets.Socket.Send(Byte[] buffer, Int32 offset, Int32 size, SocketFlags socketFlags)
   於 System.Net.Sockets.NetworkStream.Write(Byte[] buffer, Int32 offset, Int32 size)
   --- 內部例外狀況堆疊追蹤的結尾 ---
   於 System.Net.Sockets.NetworkStream.Write(Byte[] buffer, Int32 offset, Int32 size)
   於 QuickFix.SocketReader.Send(String data)
   於 QuickFix.ClientHandlerThread.Send(String data)
   於 QuickFix.Session.Send(String message)
   於 QuickFix.Session.SendRaw(Message message, Int32 seqNum)
   於 QuickFix.Session.GenerateLogout(Message other, String text)
   於 QuickFix.Session.NextLogout(Message logout)
   於 QuickFix.Session.Next(MessageBuilder msgBuilder)
   於 QuickFix.Session.NextMessage(String msgStr)
   於 QuickFix.SocketReader.OnMessageFoundInternal(String msg)
20260205-02:53:16.439 : SocketReader Error: Socket exception (127.0.0.1:61291): 遠端主機已強制關閉一個現存的連線。
20260205-02:53:16.439 : shutdown requested: Disconnected
20260205-02:53:16.440 : shutdown requested: 遠端主機已強制關閉一個現存的連線。
20260205-02:53:16.440 : shutdown
20260205-03:23:46.698 : connected
20260205-05:32:10.533 : connected
20260205-05:44:46.367 : shutdown requested: Disconnected
20260205-05:44:46.367 : shutdown
20260224-03:53:45.300 : connected
